<?xml version="1.0" encoding="UTF-8"?>
<testng-results ignored="0" total="1" passed="1" failed="0" skipped="0">
  <reporter-output>
  </reporter-output>
  <suite started-at="2024-03-22T20:54:28 IST" name="Default suite" finished-at="2024-03-22T20:55:39 IST" duration-ms="71272">
    <groups>
    </groups>
    <test started-at="2024-03-22T20:54:28 IST" name="Default test" finished-at="2024-03-22T20:55:39 IST" duration-ms="71272">
      <class name="testp.RncTest">
        <test-method is-config="true" signature="Setup()[pri:0, instance:testp.RncTest@3e27aa33]" started-at="2024-03-22T20:54:28 IST" name="Setup" finished-at="2024-03-22T20:54:42 IST" duration-ms="14148" status="PASS">
          <reporter-output>
          </reporter-output>
        </test-method> <!-- Setup -->
        <test-method signature="verifyLoginWithValidCred()[pri:0, instance:testp.RncTest@3e27aa33]" started-at="2024-03-22T20:54:42 IST" name="verifyLoginWithValidCred" finished-at="2024-03-22T20:55:39 IST" duration-ms="56649" status="PASS">
          <reporter-output>
          </reporter-output>
        </test-method> <!-- verifyLoginWithValidCred -->
        <test-method is-config="true" signature="postCondition()[pri:0, instance:testp.RncTest@3e27aa33]" started-at="2024-03-22T20:55:39 IST" name="postCondition" finished-at="2024-03-22T20:55:39 IST" duration-ms="382" status="PASS">
          <reporter-output>
          </reporter-output>
        </test-method> <!-- postCondition -->
      </class> <!-- testp.RncTest -->
    </test> <!-- Default test -->
  </suite> <!-- Default suite -->
</testng-results>
